Using pre-set license
Built from '2020.3/china_unity/release' branch; Version is '2020.3.4f1c1 (3d27070cb163) revision 4007687'; Using compiler version '192528614'; Build Type 'Release'
OS: 'Windows 10 Pro; OS build 19042.985; Version 2009; 64bit' Language: 'zh' Physical Memory: 8086 MB
BatchMode: 1, IsHumanControllingUs: 0, StartBugReporterOnCrash: 0, Is64bit: 1, IsPro: 0

 COMMAND LINE ARGUMENTS:
E:\Unity\Editor\Unity.exe
-adb2
-batchMode
-noUpm
-name
AssetImportWorker0
-projectPath
C:/Users/Admin/Desktop/firstgame
-logFile
Logs/AssetImportWorker0.log
-srvPort
50251
Successfully changed project path to: C:/Users/Admin/Desktop/firstgame
C:/Users/Admin/Desktop/firstgame
Using Asset Import Pipeline V2.
Refreshing native plugins compatible for Editor in 46.71 ms, found 1 plugins.
Preloading 0 native plugins for Editor in 0.00 ms.
Initialize engine version: 2020.3.4f1c1 (3d27070cb163)
[Subsystems] Discovering subsystems at path E:/Unity/Editor/Data/Resources/UnitySubsystems
[Subsystems] Discovering subsystems at path C:/Users/Admin/Desktop/firstgame/Assets
GfxDevice: creating device client; threaded=0
Direct3D:
    Version:  Direct3D 11.0 [level 11.1]
    Renderer: AMD Radeon (TM) R7 M340 (ID=0x6900)
    Vendor:   
    VRAM:     2038 MB
    Driver:   27.20.1034.6
Initialize mono
Mono path[0] = 'E:/Unity/Editor/Data/Managed'
Mono path[1] = 'E:/Unity/Editor/Data/MonoBleedingEdge/lib/mono/unityjit'
Mono config path = 'E:/Unity/Editor/Data/MonoBleedingEdge/etc'
Using monoOptions --debugger-agent=transport=dt_socket,embedding=1,server=y,suspend=n,address=127.0.0.1:56896
Begin MonoManager ReloadAssembly
Registering precompiled unity dll's ...
Register platform support module: E:/Unity/Editor/Data/PlaybackEngines/WindowsStandaloneSupport/UnityEditor.WindowsStandalone.Extensions.dll
Registered in 0.001237 seconds.
Native extension for WindowsStandalone target not found
Refreshing native plugins compatible for Editor in 48.31 ms, found 1 plugins.
Preloading 0 native plugins for Editor in 0.00 ms.
Mono: successfully reloaded assembly
- Completed reload, in  0.997 seconds
Platform modules already initialized, skipping
Registering precompiled user dll's ...
Registered in 0.001297 seconds.
Begin MonoManager ReloadAssembly
Native extension for WindowsStandalone target not found
Refreshing native plugins compatible for Editor in 46.77 ms, found 1 plugins.
Preloading 0 native plugins for Editor in 0.00 ms.
Mono: successfully reloaded assembly
- Completed reload, in  1.144 seconds
Platform modules already initialized, skipping
========================================================================
Worker process is ready to serve import requests
Launched and connected shader compiler UnityShaderCompiler.exe after 0.16 seconds
Refreshing native plugins compatible for Editor in 0.56 ms, found 1 plugins.
Preloading 0 native plugins for Editor in 0.00 ms.
Unloading 1962 Unused Serialized files (Serialized files now loaded: 0)
System memory in use before: 90.3 MB.
System memory in use after: 90.4 MB.

Unloading 20 unused Assets to reduce memory usage. Loaded Objects now: 2411.
Total: 2.950700 ms (FindLiveObjects: 0.553000 ms CreateObjectMapping: 0.217400 ms MarkObjects: 2.104200 ms  DeleteObjects: 0.074200 ms)

========================================================================
Received Import Request.
  path: Assets/clips
  artifactKey: Guid(b4f454fc112b0554ca16dd60bfef66da) Importer(815301076,1909f56bfc062723c751e8b465ee728b)
Start importing Assets/clips using Guid(b4f454fc112b0554ca16dd60bfef66da) Importer(815301076,1909f56bfc062723c751e8b465ee728b)  -> (artifact id: 'b6360c83eab904383791e81b818f7931') in 0.005699 seconds
  Import took 0.009241 seconds .

========================================================================
Received Prepare
Registering precompiled user dll's ...
Registered in 0.002147 seconds.
Begin MonoManager ReloadAssembly
Native extension for WindowsStandalone target not found
Refreshing native plugins compatible for Editor in 0.58 ms, found 1 plugins.
Preloading 0 native plugins for Editor in 0.00 ms.
Mono: successfully reloaded assembly
- Completed reload, in  2.093 seconds
Platform modules already initialized, skipping
Refreshing native plugins compatible for Editor in 0.40 ms, found 1 plugins.
Preloading 0 native plugins for Editor in 0.00 ms.
Unloading 1950 Unused Serialized files (Serialized files now loaded: 0)
System memory in use before: 89.6 MB.
System memory in use after: 89.7 MB.

Unloading 8 unused Assets to reduce memory usage. Loaded Objects now: 2415.
Total: 2.450300 ms (FindLiveObjects: 0.276400 ms CreateObjectMapping: 0.110800 ms MarkObjects: 2.040800 ms  DeleteObjects: 0.020600 ms)

========================================================================
Received Import Request.
  Time since last request: 523.744494 seconds.
  path: Assets/Prefam/explosion.prefab
  artifactKey: Guid(fa4fd2d74bf31354eb7e7b966a24a003) Importer(815301076,1909f56bfc062723c751e8b465ee728b)
Start importing Assets/Prefam/explosion.prefab using Guid(fa4fd2d74bf31354eb7e7b966a24a003) Importer(815301076,1909f56bfc062723c751e8b465ee728b)  -> (artifact id: 'c603217c2d2ed4dd88e14ac0e4734fad') in 0.207655 seconds
  Import took 0.213860 seconds .

========================================================================
Received Import Request.
  Time since last request: 226.655770 seconds.
  path: Assets/Prefam/rocket.prefab
  artifactKey: Guid(c42a57949da323a468580f26901755bd) Importer(815301076,1909f56bfc062723c751e8b465ee728b)
Start importing Assets/Prefam/rocket.prefab using Guid(c42a57949da323a468580f26901755bd) Importer(815301076,1909f56bfc062723c751e8b465ee728b)  -> (artifact id: 'cbbeeb9bf55ecb9334f3fe5dde8788de') in 0.035385 seconds
  Import took 0.054756 seconds .

========================================================================
Received Import Request.
  Time since last request: 11.233093 seconds.
  path: Assets/Prefam/rocket.prefab
  artifactKey: Guid(c42a57949da323a468580f26901755bd) Importer(815301076,1909f56bfc062723c751e8b465ee728b)
Start importing Assets/Prefam/rocket.prefab using Guid(c42a57949da323a468580f26901755bd) Importer(815301076,1909f56bfc062723c751e8b465ee728b)  -> (artifact id: '58037399fe17dd8eea71106183f48aa9') in 0.021057 seconds
  Import took 0.027329 seconds .

========================================================================
Received Import Request.
  Time since last request: 14.306376 seconds.
  path: Assets/Prefam/rocket.prefab
  artifactKey: Guid(c42a57949da323a468580f26901755bd) Importer(815301076,1909f56bfc062723c751e8b465ee728b)
Start importing Assets/Prefam/rocket.prefab using Guid(c42a57949da323a468580f26901755bd) Importer(815301076,1909f56bfc062723c751e8b465ee728b)  -> (artifact id: 'd48503e0e97e86cf0801f1c47525ca4d') in 0.022977 seconds
  Import took 0.049237 seconds .

========================================================================
Received Import Request.
  Time since last request: 0.004566 seconds.
  path: Assets/Prefam/rocket.prefab
  artifactKey: Guid(c42a57949da323a468580f26901755bd) Importer(815301076,1909f56bfc062723c751e8b465ee728b)
Start importing Assets/Prefam/rocket.prefab using Guid(c42a57949da323a468580f26901755bd) Importer(815301076,1909f56bfc062723c751e8b465ee728b)  -> (artifact id: 'd48503e0e97e86cf0801f1c47525ca4d') in 0.023042 seconds
  Import took 0.029683 seconds .

AssetImportWorkerClient::OnTransportError - code=2 error=End of file
