Using pre-set license
Built from '2020.3/china_unity/release' branch; Version is '2020.3.4f1c1 (3d27070cb163) revision 4007687'; Using compiler version '192528614'; Build Type 'Release'
OS: 'Windows 10 Pro; OS build 18363.1440; Version 1909; 64bit' Language: 'zh' Physical Memory: 8086 MB
BatchMode: 1, IsHumanControllingUs: 0, StartBugReporterOnCrash: 0, Is64bit: 1, IsPro: 0

 COMMAND LINE ARGUMENTS:
E:\Unity\Editor\Unity.exe
-adb2
-batchMode
-noUpm
-name
AssetImportWorker0
-projectPath
C:/Users/Admin/Desktop/Fristgame
-logFile
Logs/AssetImportWorker0.log
-srvPort
50387
Successfully changed project path to: C:/Users/Admin/Desktop/Fristgame
C:/Users/Admin/Desktop/Fristgame
Using Asset Import Pipeline V2.
Refreshing native plugins compatible for Editor in 45.90 ms, found 1 plugins.
Preloading 0 native plugins for Editor in 0.00 ms.
Initialize engine version: 2020.3.4f1c1 (3d27070cb163)
[Subsystems] Discovering subsystems at path E:/Unity/Editor/Data/Resources/UnitySubsystems
[Subsystems] Discovering subsystems at path C:/Users/Admin/Desktop/Fristgame/Assets
GfxDevice: creating device client; threaded=0
Direct3D:
    Version:  Direct3D 11.0 [level 11.1]
    Renderer: AMD Radeon (TM) R7 M340 (ID=0x6900)
    Vendor:   
    VRAM:     2039 MB
    Driver:   22.19.162.4
Initialize mono
Mono path[0] = 'E:/Unity/Editor/Data/Managed'
Mono path[1] = 'E:/Unity/Editor/Data/MonoBleedingEdge/lib/mono/unityjit'
Mono config path = 'E:/Unity/Editor/Data/MonoBleedingEdge/etc'
Using monoOptions --debugger-agent=transport=dt_socket,embedding=1,server=y,suspend=n,address=127.0.0.1:56224
Begin MonoManager ReloadAssembly
Registering precompiled unity dll's ...
Register platform support module: E:/Unity/Editor/Data/PlaybackEngines/WindowsStandaloneSupport/UnityEditor.WindowsStandalone.Extensions.dll
Registered in 0.000972 seconds.
Native extension for WindowsStandalone target not found
Refreshing native plugins compatible for Editor in 49.24 ms, found 1 plugins.
Preloading 0 native plugins for Editor in 0.00 ms.
Mono: successfully reloaded assembly
- Completed reload, in  0.861 seconds
Platform modules already initialized, skipping
Registering precompiled user dll's ...
Registered in 0.001159 seconds.
Begin MonoManager ReloadAssembly
Native extension for WindowsStandalone target not found
Refreshing native plugins compatible for Editor in 44.31 ms, found 1 plugins.
Preloading 0 native plugins for Editor in 0.00 ms.
Mono: successfully reloaded assembly
- Completed reload, in  1.115 seconds
Platform modules already initialized, skipping
========================================================================
Worker process is ready to serve import requests
Launched and connected shader compiler UnityShaderCompiler.exe after 0.21 seconds
Refreshing native plugins compatible for Editor in 0.41 ms, found 1 plugins.
Preloading 0 native plugins for Editor in 0.00 ms.
Unloading 1809 Unused Serialized files (Serialized files now loaded: 0)
System memory in use before: 84.8 MB.
System memory in use after: 84.9 MB.

Unloading 19 unused Assets to reduce memory usage. Loaded Objects now: 2256.
Total: 2.792200 ms (FindLiveObjects: 0.194100 ms CreateObjectMapping: 0.087400 ms MarkObjects: 2.431100 ms  DeleteObjects: 0.077500 ms)

========================================================================
Received Import Request.
  path: Assets/SCRIPT
  artifactKey: Guid(2de22e834869d4e43840eb708cb38220) Importer(815301076,1909f56bfc062723c751e8b465ee728b)
Start importing Assets/SCRIPT using Guid(2de22e834869d4e43840eb708cb38220) Importer(815301076,1909f56bfc062723c751e8b465ee728b)  -> (artifact id: 'c4a594ac6f17ccfbd3045cc5b93f5c98') in 0.006119 seconds
  Import took 0.011465 seconds .

========================================================================
Received Import Request.
  Time since last request: 5.890739 seconds.
  path: Assets/SCRIPT/new.cs
  artifactKey: Guid(a8823bead772ea641bf96bdb0ea5d678) Importer(815301076,1909f56bfc062723c751e8b465ee728b)
Start importing Assets/SCRIPT/new.cs using Guid(a8823bead772ea641bf96bdb0ea5d678) Importer(815301076,1909f56bfc062723c751e8b465ee728b)  -> (artifact id: '8bc3314194bc9cd79fc608d6b5a9c786') in 0.043921 seconds
  Import took 0.050119 seconds .

AssetImportWorkerClient::OnTransportError - code=2 error=End of file
